Arguments: 
  /usr/local/bin/node /usr/local/bin/yarn add discovery-swarm dat-swarm-default portfinder get-port

PATH: 
  /Library/Frameworks/Python.framework/Versions/2.7/bin:/Library/Frameworks/Python.framework/Versions/3.7/bin:/Library/Frameworks/Python.framework/Versions/3.6/bin:/usr/bin:/bin:/usr/sbin:/sbin:/usr/local/bin:/opt/X11/bin:/usr/local/go/bin:/Library/Frameworks/Python.framework/Versions/2.7/bin:/Library/Frameworks/Python.framework/Versions/3.7/bin:/Library/Frameworks/Python.framework/Versions/3.6/bin

Yarn version: 
  1.16.0

Node version: 
  10.15.3

Platform: 
  darwin x64

Trace: 
  Error: https://registry.yarnpkg.com/dat-swarm-default: Not found
      at Request.params.callback [as _callback] (/usr/local/lib/node_modules/yarn/lib/cli.js:66091:18)
      at Request.self.callback (/usr/local/lib/node_modules/yarn/lib/cli.js:129590:22)
      at Request.emit (events.js:189:13)
      at Request.<anonymous> (/usr/local/lib/node_modules/yarn/lib/cli.js:130562:10)
      at Request.emit (events.js:189:13)
      at IncomingMessage.<anonymous> (/usr/local/lib/node_modules/yarn/lib/cli.js:130484:12)
      at Object.onceWrapper (events.js:277:13)
      at IncomingMessage.emit (events.js:194:15)
      at endReadableNT (_stream_readable.js:1125:12)
      at process._tickCallback (internal/process/next_tick.js:63:19)

npm manifest: 
  {
    "dependencies": {
      "bootstrap": "^4.3.1",
      "jquery": "^3.4.1",
      "webrtc": "^1.14.1"
    }
  }

yarn manifest: 
  No manifest

Lockfile: 
  # THIS IS AN AUTOGENERATED FILE. DO NOT EDIT THIS FILE DIRECTLY.
  # yarn lockfile v1
  
  
  async@^0.9.0:
    version "0.9.2"
    resolved "https://registry.yarnpkg.com/async/-/async-0.9.2.tgz#aea74d5e61c1f899613bf64bda66d4c78f2fd17d"
    integrity sha1-rqdNXmHB+JlhO/ZL2mbUx48v0X0=
  
  bootstrap@^4.3.1:
    version "4.3.1"
    resolved "https://registry.yarnpkg.com/bootstrap/-/bootstrap-4.3.1.tgz#280ca8f610504d99d7b6b4bfc4b68cec601704ac"
    integrity sha512-rXqOmH1VilAt2DyPzluTi2blhk17bO7ef+zLLPlWvG494pDxcM234pJ8wTc/6R40UWizAIIMgxjvxZg5kmsbag==
  
  cipher-base@^1.0.1, cipher-base@^1.0.3:
    version "1.0.4"
    resolved "https://registry.yarnpkg.com/cipher-base/-/cipher-base-1.0.4.tgz#8760e4ecc272f4c363532f926d874aae2c1397de"
    integrity sha512-Kkht5ye6ZGmwv40uUDZztayT2ThLQGfnj/T71N/XzeZeo3nf8foyW7zGTsPYkEya3m5f3cAypH+qe7YOrM1U2Q==
    dependencies:
      inherits "^2.0.1"
      safe-buffer "^5.0.1"
  
  create-hash@^1.1.0:
    version "1.2.0"
    resolved "https://registry.yarnpkg.com/create-hash/-/create-hash-1.2.0.tgz#889078af11a63756bcfb59bd221996be3a9ef196"
    integrity sha512-z00bCGNHDG8mHAkP7CtT1qVu+bFQUPjYq/4Iv3C3kWjTFV10zIjfSoeqXo9Asws8gwSHDGj/hl2u4OGIjapeCg==
    dependencies:
      cipher-base "^1.0.1"
      inherits "^2.0.1"
      md5.js "^1.3.4"
      ripemd160 "^2.0.1"
      sha.js "^2.4.0"
  
  create-hmac@^1.1.3:
    version "1.1.7"
    resolved "https://registry.yarnpkg.com/create-hmac/-/create-hmac-1.1.7.tgz#69170c78b3ab957147b2b8b04572e47ead2243ff"
    integrity sha512-MJG9liiZ+ogc4TzUwuvbER1JRdgvUFSB5+VR/g5h82fGaIRWMWddtKBHi7/sVhfjQZ6SehlyhvQYrcYkaUIpLg==
    dependencies:
      cipher-base "^1.0.3"
      create-hash "^1.1.0"
      inherits "^2.0.1"
      ripemd160 "^2.0.0"
      safe-buffer "^5.0.1"
      sha.js "^2.4.8"
  
  filetransfer@^2.0.0:
    version "2.0.5"
    resolved "https://registry.yarnpkg.com/filetransfer/-/filetransfer-2.0.5.tgz#887c8046fe546ec8ae815c3301a5c3135fa3b35d"
    integrity sha1-iHyARv5UbsiugVwzAaXDE1+js10=
    dependencies:
      async "^0.9.0"
      iana-hashes "^1.0.0"
      wildemitter "1.x"
  
  getscreenmedia@^1.0.0:
    version "1.5.6"
    resolved "https://registry.yarnpkg.com/getscreenmedia/-/getscreenmedia-1.5.6.tgz#a5b244b2e38b397844b43839a62b8faf3b133cad"
    integrity sha1-pbJEsuOLOXhEtDg5piuPrzsTPK0=
    dependencies:
      getusermedia "^2.0.0"
  
  getusermedia@^1.0.0:
    version "1.3.7"
    resolved "https://registry.yarnpkg.com/getusermedia/-/getusermedia-1.3.7.tgz#4725734bab7a603b76b5b2626567273cc6da95a0"
    integrity sha1-RyVzS6t6YDt2tbJiZWcnPMbalaA=
    dependencies:
      webrtc-adapter "^1.0.1"
  
  getusermedia@^2.0.0:
    version "2.0.1"
    resolved "https://registry.yarnpkg.com/getusermedia/-/getusermedia-2.0.1.tgz#f81af9795bc5934649813f7d092dd65030b34655"
    integrity sha1-+Br5eVvFk0ZJgT99CS3WUDCzRlU=
    dependencies:
      webrtc-adapter "^2.0.2"
  
  hark@^1.0.0:
    version "1.2.3"
    resolved "https://registry.yarnpkg.com/hark/-/hark-1.2.3.tgz#959981400f561be5580ecd4321a9f55b16bacbd0"
    integrity sha512-u68vz9SCa38ESiFJSDjqK8XbXqWzyot7Cj6Y2b6jk2NJ+II3MY2dIrLMg/kjtIAun4Y1DHF/20hfx4rq1G5GMg==
    dependencies:
      wildemitter "^1.2.0"
  
  hash-base@^3.0.0:
    version "3.0.4"
    resolved "https://registry.yarnpkg.com/hash-base/-/hash-base-3.0.4.tgz#5fc8686847ecd73499403319a6b0a3f3f6ae4918"
    integrity sha1-X8hoaEfs1zSZQDMZprCj8/auSRg=
    dependencies:
      inherits "^2.0.1"
      safe-buffer "^5.0.1"
  
  iana-hashes@^1.0.0:
    version "1.1.0"
    resolved "https://registry.yarnpkg.com/iana-hashes/-/iana-hashes-1.1.0.tgz#b3b08fd122b9eb58912273a267c3f28c2e83e22f"
    integrity sha512-dNFf+NqkF9M1lSluGyHGZNwxdIc8tL++n12Fp3/pcW85jN0ZePP78KugTA16J/paPNlGANE6kUlw81OQs4ulLQ==
    dependencies:
      create-hash "^1.1.0"
      create-hmac "^1.1.3"
      randombytes "^2.0.6"
  
  inherits@^2.0.1:
    version "2.0.3"
    resolved "https://registry.yarnpkg.com/inherits/-/inherits-2.0.3.tgz#633c2c83e3da42a502f52466022480f4208261de"
    integrity sha1-Yzwsg+PaQqUC9SRmAiSA9CCCYd4=
  
  jquery@^3.4.1:
    version "3.4.1"
    resolved "https://registry.yarnpkg.com/jquery/-/jquery-3.4.1.tgz#714f1f8d9dde4bdfa55764ba37ef214630d80ef2"
    integrity sha512-36+AdBzCL+y6qjw5Tx7HgzeGCzC81MDDgaUP8ld2zhx58HdqXGoBd+tHdrBMiyjGQs0Hxs/MLZTu/eHNJJuWPw==
  
  localmedia@^1.0.2:
    version "1.2.1"
    resolved "https://registry.yarnpkg.com/localmedia/-/localmedia-1.2.1.tgz#1fcd342bd48fb41d244aa2bdddde30a7923e570f"
    integrity sha1-H800K9SPtB0kSqK93d4wp5I+Vw8=
    dependencies:
      getscreenmedia "^1.0.0"
      getusermedia "^1.0.0"
      hark "^1.0.0"
      mediastream-gain "^1.0.0"
      mockconsole "0.0.x"
      webrtcsupport "^2.2.0"
      wildemitter "^1.0.0"
  
  lodash._arrayeach@^3.0.0:
    version "3.0.0"
    resolved "https://registry.yarnpkg.com/lodash._arrayeach/-/lodash._arrayeach-3.0.0.tgz#bab156b2a90d3f1bbd5c653403349e5e5933ef9e"
    integrity sha1-urFWsqkNPxu9XGU0AzSeXlkz754=
  
  lodash._arraymap@^3.0.0:
    version "3.0.0"
    resolved "https://registry.yarnpkg.com/lodash._arraymap/-/lodash._arraymap-3.0.0.tgz#1a8fd0f4c0df4b61dea076d717cdc97f0a3c3e66"
    integrity sha1-Go/Q9MDfS2HeoHbXF83Jfwo8PmY=
  
  lodash._basecallback@^3.0.0:
    version "3.3.1"
    resolved "https://registry.yarnpkg.com/lodash._basecallback/-/lodash._basecallback-3.3.1.tgz#b7b2bb43dc2160424a21ccf26c57e443772a8e27"
    integrity sha1-t7K7Q9whYEJKIczybFfkQ3cqjic=
    dependencies:
      lodash._baseisequal "^3.0.0"
      lodash._bindcallback "^3.0.0"
      lodash.isarray "^3.0.0"
      lodash.pairs "^3.0.0"
  
  lodash._baseeach@^3.0.0:
    version "3.0.4"
    resolved "https://registry.yarnpkg.com/lodash._baseeach/-/lodash._baseeach-3.0.4.tgz#cf8706572ca144e8d9d75227c990da982f932af3"
    integrity sha1-z4cGVyyhROjZ11InyZDamC+TKvM=
    dependencies:
      lodash.keys "^3.0.0"
  
  lodash._baseget@^3.0.0:
    version "3.7.2"
    resolved "https://registry.yarnpkg.com/lodash._baseget/-/lodash._baseget-3.7.2.tgz#1b6ae1d5facf3c25532350a13c1197cb8bb674f4"
    integrity sha1-G2rh1frPPCVTI1ChPBGXy4u2dPQ=
  
  lodash._baseisequal@^3.0.0:
    version "3.0.7"
    resolved "https://registry.yarnpkg.com/lodash._baseisequal/-/lodash._baseisequal-3.0.7.tgz#d8025f76339d29342767dcc887ce5cb95a5b51f1"
    integrity sha1-2AJfdjOdKTQnZ9zIh85cuVpbUfE=
    dependencies:
      lodash.isarray "^3.0.0"
      lodash.istypedarray "^3.0.0"
      lodash.keys "^3.0.0"
  
  lodash._bindcallback@^3.0.0:
    version "3.0.1"
    resolved "https://registry.yarnpkg.com/lodash._bindcallback/-/lodash._bindcallback-3.0.1.tgz#e531c27644cf8b57a99e17ed95b35c748789392e"
    integrity sha1-5THCdkTPi1epnhftlbNcdIeJOS4=
  
  lodash._getnative@^3.0.0:
    version "3.9.1"
    resolved "https://registry.yarnpkg.com/lodash._getnative/-/lodash._getnative-3.9.1.tgz#570bc7dede46d61cdcde687d65d3eecbaa3aaff5"
    integrity sha1-VwvH3t5G1hzc3mh9ZdPuy6o6r/U=
  
  lodash._topath@^3.0.0:
    version "3.8.1"
    resolved "https://registry.yarnpkg.com/lodash._topath/-/lodash._topath-3.8.1.tgz#3ec5e2606014f4cb97f755fe6914edd8bfc00eac"
    integrity sha1-PsXiYGAU9MuX91X+aRTt2L/ADqw=
    dependencies:
      lodash.isarray "^3.0.0"
  
  lodash.foreach@^3.0.2:
    version "3.0.3"
    resolved "https://registry.yarnpkg.com/lodash.foreach/-/lodash.foreach-3.0.3.tgz#6fd7efb79691aecd67fdeac2761c98e701d6c39a"
    integrity sha1-b9fvt5aRrs1n/erCdhyY5wHWw5o=
    dependencies:
      lodash._arrayeach "^3.0.0"
      lodash._baseeach "^3.0.0"
      lodash._bindcallback "^3.0.0"
      lodash.isarray "^3.0.0"
  
  lodash.isarguments@^3.0.0:
    version "3.1.0"
    resolved "https://registry.yarnpkg.com/lodash.isarguments/-/lodash.isarguments-3.1.0.tgz#2f573d85c6a24289ff00663b491c1d338ff3458a"
    integrity sha1-L1c9hcaiQon/AGY7SRwdM4/zRYo=
  
  lodash.isarray@^3.0.0:
    version "3.0.4"
    resolved "https://registry.yarnpkg.com/lodash.isarray/-/lodash.isarray-3.0.4.tgz#79e4eb88c36a8122af86f844aa9bcd851b5fbb55"
    integrity sha1-eeTriMNqgSKvhvhEqpvNhRtfu1U=
  
  lodash.istypedarray@^3.0.0:
    version "3.0.6"
    resolved "https://registry.yarnpkg.com/lodash.istypedarray/-/lodash.istypedarray-3.0.6.tgz#c9a477498607501d8e8494d283b87c39281cef62"
    integrity sha1-yaR3SYYHUB2OhJTSg7h8OSgc72I=
  
  lodash.keys@^3.0.0:
    version "3.1.2"
    resolved "https://registry.yarnpkg.com/lodash.keys/-/lodash.keys-3.1.2.tgz#4dbc0472b156be50a0b286855d1bd0b0c656098a"
    integrity sha1-TbwEcrFWvlCgsoaFXRvQsMZWCYo=
    dependencies:
      lodash._getnative "^3.0.0"
      lodash.isarguments "^3.0.0"
      lodash.isarray "^3.0.0"
  
  lodash.map@^3.0.0:
    version "3.1.4"
    resolved "https://registry.yarnpkg.com/lodash.map/-/lodash.map-3.1.4.tgz#b483acd1b786c5c7b492c495f7b5266229bc00c2"
    integrity sha1-tIOs0beGxce0ksSV97UmYim8AMI=
    dependencies:
      lodash._arraymap "^3.0.0"
      lodash._basecallback "^3.0.0"
      lodash._baseeach "^3.0.0"
      lodash.isarray "^3.0.0"
      lodash.keys "^3.0.0"
  
  lodash.pairs@^3.0.0:
    version "3.0.1"
    resolved "https://registry.yarnpkg.com/lodash.pairs/-/lodash.pairs-3.0.1.tgz#bbe08d5786eeeaa09a15c91ebf0dcb7d2be326a9"
    integrity sha1-u+CNV4bu6qCaFckevw3LfSvjJqk=
    dependencies:
      lodash.keys "^3.0.0"
  
  lodash.pluck@^3.0.2:
    version "3.1.2"
    resolved "https://registry.yarnpkg.com/lodash.pluck/-/lodash.pluck-3.1.2.tgz#b347f0374c0169f0eeb04d672d89cec8632c2231"
    integrity sha1-s0fwN0wBafDusE1nLYnOyGMsIjE=
    dependencies:
      lodash._baseget "^3.0.0"
      lodash._topath "^3.0.0"
      lodash.isarray "^3.0.0"
      lodash.map "^3.0.0"
  
  md5.js@^1.3.4:
    version "1.3.5"
    resolved "https://registry.yarnpkg.com/md5.js/-/md5.js-1.3.5.tgz#b5d07b8e3216e3e27cd728d72f70d1e6a342005f"
    integrity sha512-xitP+WxNPcTTOgnTJcrhM0xvdPepipPSf3I8EIpGKeFLjt3PlJLIDG3u8EX53ZIubkb+5U2+3rELYpEhHhzdkg==
    dependencies:
      hash-base "^3.0.0"
      inherits "^2.0.1"
      safe-buffer "^5.1.2"
  
  mediastream-gain@^1.0.0:
    version "1.0.1"
    resolved "https://registry.yarnpkg.com/mediastream-gain/-/mediastream-gain-1.0.1.tgz#4abad578bdaebe25cb655898931d8815ee6e6360"
    integrity sha1-SrrVeL2uviXLZViYkx2IFe5uY2A=
    dependencies:
      webrtcsupport "^1.0.0"
  
  mockconsole@0.0.1, mockconsole@0.0.x:
    version "0.0.1"
    resolved "https://registry.yarnpkg.com/mockconsole/-/mockconsole-0.0.1.tgz#d62a7ed85530964abcd24edb9f30fa58bbce56c6"
    integrity sha1-1ip+2FUwlkq80k7bnzD6WLvOVsY=
  
  randombytes@^2.0.6:
    version "2.1.0"
    resolved "https://registry.yarnpkg.com/randombytes/-/randombytes-2.1.0.tgz#df6f84372f0270dc65cdf6291349ab7a473d4f2a"
    integrity sha512-vYl3iOX+4CKUWuxGi9Ukhie6fsqXqS9FE2Zaic4tNFD2N2QQaXOMFbuKK4QmDHC0JO6B1Zp41J0LpT0oR68amQ==
    dependencies:
      safe-buffer "^5.1.0"
  
  ripemd160@^2.0.0, ripemd160@^2.0.1:
    version "2.0.2"
    resolved "https://registry.yarnpkg.com/ripemd160/-/ripemd160-2.0.2.tgz#a1c1a6f624751577ba5d07914cbc92850585890c"
    integrity sha512-ii4iagi25WusVoiC4B4lq7pbXfAp3D9v5CwfkY33vffw2+pkDjY1D8GaN7spsxvCSx8dkPqOZCEZyfxcmJG2IA==
    dependencies:
      hash-base "^3.0.0"
      inherits "^2.0.1"
  
  rtcpeerconnection@^3.0.6:
    version "3.1.6"
    resolved "https://registry.yarnpkg.com/rtcpeerconnection/-/rtcpeerconnection-3.1.6.tgz#04cecbb82de1e7d80e60f9e605933410122f506e"
    integrity sha1-BM7LuC3h59gOYPnmBZM0EBIvUG4=
    dependencies:
      lodash.foreach "^3.0.2"
      lodash.pluck "^3.0.2"
      sdp-jingle-json "2.x"
      traceablepeerconnection "^1.0.0"
      webrtc-adapter-test "^0.2.3"
      wildemitter "1.x"
  
  safe-buffer@^5.0.1, safe-buffer@^5.1.0, safe-buffer@^5.1.2:
    version "5.1.2"
    resolved "https://registry.yarnpkg.com/safe-buffer/-/safe-buffer-5.1.2.tgz#991ec69d296e0313747d59bdfd2b745c35f8828d"
    integrity sha512-Gd2UZBJDkXlY7GbJxfsE8/nvKkUEU1G38c1siN6QP6a9PT9MmHB8GnpscSmMJSoF8LOIrt8ud/wPtojys4G6+g==
  
  sdp-jingle-json@2.x:
    version "2.2.1"
    resolved "https://registry.yarnpkg.com/sdp-jingle-json/-/sdp-jingle-json-2.2.1.tgz#16e34459ac550e391a6673b52f8970ef56c05538"
    integrity sha1-FuNEWaxVDjkaZnO1L4lw71bAVTg=
  
  sdp@^1.0.0:
    version "1.5.4"
    resolved "https://registry.yarnpkg.com/sdp/-/sdp-1.5.4.tgz#8e038f6ddb14bd765ae1f4b5216e12094511e0d0"
    integrity sha1-jgOPbdsUvXZa4fS1IW4SCUUR4NA=
  
  sha.js@^2.4.0, sha.js@^2.4.8:
    version "2.4.11"
    resolved "https://registry.yarnpkg.com/sha.js/-/sha.js-2.4.11.tgz#37a5cf0b81ecbc6943de109ba2960d1b26584ae7"
    integrity sha512-QMEp5B7cftE7APOjk5Y6xgrbWu+WkLVQwk8JNjZ8nKRciZaByEW6MubieAiToS7+dwvrjGhH8jRXz3MVd0AYqQ==
    dependencies:
      inherits "^2.0.1"
      safe-buffer "^5.0.1"
  
  traceablepeerconnection@^1.0.0:
    version "1.2.0"
    resolved "https://registry.yarnpkg.com/traceablepeerconnection/-/traceablepeerconnection-1.2.0.tgz#c1268accea8b7d9e5cd7519788c8efcfc3daef2b"
    integrity sha1-wSaKzOqLfZ5c11GXiMjvz8Pa7ys=
    dependencies:
      webrtc-adapter "^1.0"
      wildemitter "1.x"
  
  webrtc-adapter-test@^0.2.3:
    version "0.2.10"
    resolved "https://registry.yarnpkg.com/webrtc-adapter-test/-/webrtc-adapter-test-0.2.10.tgz#a3b1977727bf98720ad87cd7a9422477e5b9b6d5"
    integrity sha1-o7GXdye/mHIK2HzXqUIkd+W5ttU=
  
  webrtc-adapter@^1.0, webrtc-adapter@^1.0.1:
    version "1.4.0"
    resolved "https://registry.yarnpkg.com/webrtc-adapter/-/webrtc-adapter-1.4.0.tgz#58289a63d054c65b36fb0ef389ea2f6d0c7f5d98"
    integrity sha1-WCiaY9BUxls2+w7zieovbQx/XZg=
    dependencies:
      sdp "^1.0.0"
  
  webrtc-adapter@^2.0.2:
    version "2.1.0"
    resolved "https://registry.yarnpkg.com/webrtc-adapter/-/webrtc-adapter-2.1.0.tgz#612b5bc6ce8e73c9d0660038a21f9255a867bf3e"
    integrity sha1-YStbxs6Oc8nQZgA4oh+SVahnvz4=
    dependencies:
      sdp "^1.0.0"
  
  webrtc@^1.14.1:
    version "1.14.1"
    resolved "https://registry.yarnpkg.com/webrtc/-/webrtc-1.14.1.tgz#6607f293b5fd44b088f8d2d6274fbf5cee1012c0"
    integrity sha1-Zgfyk7X9RLCI+NLWJ0+/XO4QEsA=
    dependencies:
      filetransfer "^2.0.0"
      localmedia "^1.0.2"
      mockconsole "0.0.1"
      rtcpeerconnection "^3.0.6"
      webrtcsupport "^1.2.4"
      wildemitter "1.x"
  
  webrtcsupport@^1.0.0, webrtcsupport@^1.2.4:
    version "1.3.2"
    resolved "https://registry.yarnpkg.com/webrtcsupport/-/webrtcsupport-1.3.2.tgz#4e1777471aada48f5f4a8e899e975d7b81d28f00"
    integrity sha1-Thd3RxqtpI9fSo6Jnpdde4HSjwA=
  
  webrtcsupport@^2.2.0:
    version "2.2.0"
    resolved "https://registry.yarnpkg.com/webrtcsupport/-/webrtcsupport-2.2.0.tgz#32d8c9608725ada352af0ab6abf21acab5182aa6"
    integrity sha1-MtjJYIclraNSrwq2q/IayrUYKqY=
  
  wildemitter@1.x, wildemitter@^1.0.0, wildemitter@^1.2.0:
    version "1.2.0"
    resolved "https://registry.yarnpkg.com/wildemitter/-/wildemitter-1.2.0.tgz#29dd3a72d699c3e279dd021c3cd2150b82c9a211"
    integrity sha1-Kd06ctaZw+J53QIcPNIVC4LJohE=
